
2022-11-23 16:45:26	dd50dccf-8fa3-4db2-9367-3b275de5369a	{OPTIONS	/auth	::1	https://www.google.ca}
2022-11-23 16:45:26	3e9e925a-5ca7-4064-b50b-3dfcb23202f2	{GET	/auth	::1	https://www.google.ca}
2022-11-23 16:46:16	7053c2f7-c0e9-451f-b6c4-897709e39ca3	{POST	/upload/image	::ffff:127.0.0.1	undefined}
2022-11-23 16:48:44	1c64db99-060f-4e99-99fc-2a5b670a1f77	{OPTIONS	/auth	::1	https://www.google.ca}
2022-11-23 16:48:44	664a5b2d-7088-46e4-987a-55353cb1ca9f	{GET	/auth	::1	https://www.google.ca}
2022-11-23 16:49:01	ddd3366c-f205-4fe3-8401-d4d367b5e3af	{OPTIONS	/auth	::1	https://www.google.ca}
2022-11-23 16:49:01	9939f85c-5919-472c-933a-3321521d93c0	{GET	/auth	::1	https://www.google.ca}
2022-11-23 16:49:11	ff345243-7da9-4d3b-b2bc-a99605f960ad	{OPTIONS	/	::1	https://www.google.ca}
2022-11-23 16:49:11	414438b6-bbda-481a-9749-64f1b3188eba	{GET	/	::1	https://www.google.ca}
2022-11-24 16:49:33	7d6a5ddc-7926-411a-80d7-9ef68448960d	{GET	/	::1	undefined}
2022-11-24 16:49:33	ff38aea3-97a6-4588-bacf-a5670c328a6a	{GET	/favicon.ico	::1	undefined}
2022-11-24 17:45:22	9adc5b8c-8583-4089-92d2-58256a612b47	{GET	/graphql	::1	undefined}
2022-11-24 17:45:23	ccb368ec-ed30-4ea2-861e-bce0931daa7d	{POST	/graphql?	::1	http://localhost:5050}
2022-11-28 19:32:25	6ccc555c-b2a4-4b01-b330-9a63b5817220	{GET	/graphql	::1	undefined}
2022-11-28 19:32:25	bc341110-33d3-4ace-a780-b89e4b102002	{POST	/graphql?	::1	http://localhost:5050}
2022-11-28 19:32:25	e6d09969-97b8-45b0-95a7-959ecc9490b7	{GET	/favicon.ico	::1	undefined}
2022-11-28 19:32:29	7ddb54ab-eb40-4c98-80d9-269dbf77197b	{POST	/graphql?	::1	http://localhost:5050}
2022-11-28 19:33:06	356720b9-6745-41a6-a0f7-f0d06a8760b3	{POST	/graphql?	::1	http://localhost:5050}
2023-01-18 15:42:22	e81dfab4-c4f4-4f0e-9fa8-56810807d5e0	{GET	/	::1	undefined}
2023-01-18 15:42:22	cf3fe61c-b829-425d-bf2d-01cc3093f4d7	{GET	/favicon.ico	::1	undefined}
2023-01-18 15:49:15	65085200-a7c0-495a-aeaa-11fffc25d979	{POST	/auth/google	::1	undefined}
2023-01-18 15:49:17	f34bc669-27e0-469c-ac85-88c8be1f7033	{POST	/graphql/	::1	undefined}
2023-01-18 15:49:17	ea9a3b1b-55fb-4380-a331-1ad312667ecb	{POST	/graphql/	::1	undefined}
2023-01-18 15:49:19	6f4cfbe6-b921-49d1-8c7b-eb596c62dee7	{POST	/graphql/	::1	undefined}
2023-01-18 15:49:19	654fcd52-a5cb-46fd-bddd-3071b88ca821	{POST	/graphql/	::1	undefined}
2023-01-18 15:49:19	01134de5-763b-4680-9964-e5dc5b23a433	{POST	/graphql/	::1	undefined}
2023-01-18 15:49:19	68dd0727-0965-4083-99ae-24ff5c800c30	{POST	/graphql/	::1	undefined}
2023-01-18 15:49:19	d9dbb9e5-492d-4d29-9788-39af49cf5a66	{POST	/graphql/	::1	undefined}
2023-01-18 15:49:19	3f183245-6955-42c1-86e3-a38ab3bff26b	{POST	/graphql/	::1	undefined}
2023-01-18 15:49:19	42024995-3e26-40c8-b48e-b4d298175aa9	{POST	/graphql/	::1	undefined}
2023-01-18 15:49:19	73c6bd6e-4db0-4dc2-9612-18ee20a7fd27	{POST	/graphql/	::1	undefined}
2023-01-18 15:49:19	8fa5b4d5-6d78-4abd-9a08-482ab1fc0e49	{POST	/graphql/	::1	undefined}
2023-01-18 15:49:19	84171c39-2e07-47cd-826d-53dbd7a542c2	{POST	/graphql/	::1	undefined}
2023-01-18 15:49:19	56ff0e45-80bc-4c9f-8f2f-db7966ff0f0d	{POST	/graphql/	::1	undefined}
2023-01-18 15:49:20	c0c432c5-a35c-4d4d-87e1-b49a92605746	{POST	/graphql/	::1	undefined}
2023-01-18 15:49:20	5457805f-874c-42ba-b9ab-16e9fd000043	{POST	/graphql/	::1	undefined}
2023-01-18 15:49:20	fa1c35d4-7310-4a39-9d7e-95fa133f5349	{POST	/graphql/	::1	undefined}
2023-01-18 15:49:20	cb91295a-49db-4776-a23c-487d2f1dbfb5	{POST	/graphql/	::1	undefined}
2023-01-18 15:50:35	749baa57-672d-41d7-b5b7-d8a433a9297e	{POST	/graphql/	::1	undefined}
2023-01-18 15:51:13	8fd3bb50-9a7e-4b16-93ba-75e6c39a82b5	{POST	/auth/signIn	::1	undefined}
2023-01-18 15:51:14	03cb8c05-3e05-4ab3-a7f8-6b886913713c	{POST	/graphql/	::1	undefined}
2023-01-18 15:51:14	8b787ae0-0f7d-40a5-bb2f-182565b7ae05	{POST	/auth/google	::1	undefined}
2023-01-18 15:53:59	d31607a2-7850-4295-88b3-df610ea59cd8	{POST	/auth/signIn	::1	undefined}
2023-01-18 15:54:00	20df0f8c-ce84-4dd1-820c-9aa66901781e	{POST	/graphql/	::1	undefined}
2023-01-18 15:54:01	7a25eef7-1a54-44ec-b6cd-a032638753d5	{POST	/auth/refreshToken	::1	undefined}
2023-01-18 15:54:01	6f5e8292-8382-4570-b843-0ec50b449053	{POST	/graphql/	::1	undefined}
2023-01-18 15:56:41	bbde937e-ace9-4b77-9e3a-8930a0dd2cc5	{POST	/auth/signIn	::1	undefined}
2023-01-18 15:56:42	80560aad-928d-4e2c-b44a-ec7ca60be53b	{POST	/graphql/	::1	undefined}
2023-01-18 15:56:43	02b6517d-767c-417a-9a59-d28322b7d600	{POST	/auth/refreshToken	::1	undefined}
2023-01-18 15:56:43	ce1d2ba4-89e4-4323-9d9b-59ff791d83b2	{POST	/graphql/	::1	undefined}
2023-01-18 16:07:06	f92bd3f6-5de5-4457-b817-4cad10644ae3	{POST	/auth/signIn	::1	undefined}
2023-01-18 16:07:07	eb22858c-e7d0-4c5e-9dff-b42420702b5a	{POST	/graphql/	::1	undefined}
2023-01-18 16:07:07	4477e5fd-5045-4d13-b703-04cb3a5556de	{POST	/auth/refreshToken	::1	undefined}
2023-01-18 16:07:07	c1da0fa0-9339-438a-8d75-9e24edd0d67e	{POST	/graphql/	::1	undefined}
2023-01-18 16:08:34	eb86d571-bfa9-4f42-894c-0eaedbb5cc7b	{POST	/auth/signIn	::1	undefined}
2023-01-18 16:08:35	59dccc2a-d8e4-452c-a955-1a804bd1c0d5	{POST	/graphql/	::1	undefined}
2023-01-18 16:08:35	23bef69a-2756-4f0e-9d9f-69b762580554	{POST	/auth/refreshToken	::1	undefined}
2023-01-18 16:08:36	f826e016-16b6-4a1b-9bf8-7d95dbd1ecf9	{POST	/graphql/	::1	undefined}
2023-01-18 16:11:27	aae3b05d-0389-4ecd-9e79-e777e97422b7	{POST	/auth/signIn	::1	undefined}
2023-01-18 16:11:27	46ddca78-5c67-4684-a1e2-a81ffcc3bd2a	{POST	/graphql/	::1	undefined}
2023-01-18 16:11:28	55136cc9-ad77-429d-a17d-6d0eb75db6ba	{POST	/auth/refreshToken	::1	undefined}
2023-01-18 16:11:28	362c0078-81f3-4836-8f66-fe6013786d03	{POST	/graphql/	::1	undefined}
2023-01-18 16:15:00	fc8d418c-cc9a-4c76-8211-a2635c75b88a	{POST	/auth/signIn	::1	undefined}
2023-01-18 16:15:01	f7865908-032a-4e23-ba5e-35879d31dccf	{POST	/graphql/	::1	undefined}
2023-01-18 16:15:01	9abe1a45-cbc0-4f5d-8e04-be4fa1e1ce2f	{POST	/auth/refreshToken	::1	undefined}
2023-01-18 16:15:01	fbd75d8f-ee00-4f47-bcad-5926f499bc47	{POST	/graphql/	::1	undefined}
2023-01-18 16:20:59	50828537-036b-428a-bcde-92592048e86f	{POST	/auth/signIn	::1	undefined}
2023-01-18 16:20:59	b4540d44-8ca6-4456-a5e2-780e201bc338	{POST	/graphql/	::1	undefined}
2023-01-18 16:21:00	9be63453-eff0-4ef6-9c92-7f2cb4251afa	{POST	/auth/refreshToken	::1	undefined}
2023-01-18 16:21:00	b4cc42d9-7331-4452-b0cb-0bb8a703eeee	{POST	/graphql/	::1	undefined}
2023-01-18 16:24:52	7350f1e1-4de9-4e88-a209-9b119aea4d2d	{POST	/auth/signIn	::1	undefined}
2023-01-18 16:24:53	c284b080-1e3d-4ade-b1eb-7f22acafc657	{POST	/graphql/	::1	undefined}
2023-01-18 16:24:53	bfc66258-8edd-4db3-a514-fae589192ed2	{POST	/auth/refreshToken	::1	undefined}
2023-01-18 16:24:53	316d6ad6-d1d8-4f5e-bdd2-205a85bb41ae	{POST	/graphql/	::1	undefined}
